<?xml version="1.0" encoding="UTF-8"?>
<!-- Generated by org.testng.reporters.JUnitReportReporter -->
<testsuite hostname="DESKTOP-TJK460I" failures="0" tests="2" name="moneyControl.moneyControlUseCase1" time="99.643" errors="0" timestamp="2021-06-22T09:56:43 IST" skipped="0">
  <testcase classname="moneyControl.moneyControlUseCase1" name="loginSuccess" time="54.370"/>
  <system-out/>
  <testcase classname="moneyControl.moneyControlUseCase1" name="loginFailure" time="45.273"/>
  <system-out/>
</testsuite> <!-- moneyControl.moneyControlUseCase1 -->
